[2024-11-02 23:13:18,804: INFO: common: json file loaded sucessfully from: C:\ML_Projects\MLflow_Implementation\MLFlow-End-to-End-implementation\config\config.yaml]
[2024-11-02 23:13:18,823: INFO: common: json file loaded sucessfully from: C:\ML_Projects\MLflow_Implementation\MLFlow-End-to-End-implementation\params.yaml]
[2024-11-02 23:13:18,835: INFO: common: json file loaded sucessfully from: C:\ML_Projects\MLflow_Implementation\MLFlow-End-to-End-implementation\schema.yaml]
[2024-11-02 23:13:18,837: INFO: common: created directory at artifacts]
[2024-11-02 23:13:18,839: INFO: common: created directory at artifacts/data_validation]
[2024-11-02 23:15:06,289: INFO: common: json file loaded sucessfully from: C:\ML_Projects\MLflow_Implementation\MLFlow-End-to-End-implementation\config\config.yaml]
[2024-11-02 23:15:06,292: INFO: common: json file loaded sucessfully from: C:\ML_Projects\MLflow_Implementation\MLFlow-End-to-End-implementation\params.yaml]
[2024-11-02 23:15:06,295: INFO: common: json file loaded sucessfully from: C:\ML_Projects\MLflow_Implementation\MLFlow-End-to-End-implementation\schema.yaml]
[2024-11-02 23:15:06,297: INFO: common: created directory at artifacts]
[2024-11-02 23:15:06,298: INFO: common: created directory at artifacts/data_validation]
[2024-11-02 23:16:44,276: INFO: common: json file loaded sucessfully from: C:\ML_Projects\MLflow_Implementation\MLFlow-End-to-End-implementation\config\config.yaml]
[2024-11-02 23:16:44,279: INFO: common: json file loaded sucessfully from: C:\ML_Projects\MLflow_Implementation\MLFlow-End-to-End-implementation\params.yaml]
[2024-11-02 23:16:44,281: INFO: common: json file loaded sucessfully from: C:\ML_Projects\MLflow_Implementation\MLFlow-End-to-End-implementation\schema.yaml]
[2024-11-02 23:16:44,283: INFO: common: created directory at artifacts]
[2024-11-02 23:16:44,284: INFO: common: created directory at artifacts/data_validation]
[2024-11-02 23:19:33,594: INFO: common: json file loaded sucessfully from: C:\ML_Projects\MLflow_Implementation\MLFlow-End-to-End-implementation\config\config.yaml]
[2024-11-02 23:19:33,596: INFO: common: json file loaded sucessfully from: C:\ML_Projects\MLflow_Implementation\MLFlow-End-to-End-implementation\params.yaml]
[2024-11-02 23:19:33,599: INFO: common: json file loaded sucessfully from: C:\ML_Projects\MLflow_Implementation\MLFlow-End-to-End-implementation\schema.yaml]
[2024-11-02 23:19:33,601: INFO: common: created directory at artifacts]
[2024-11-02 23:19:33,603: INFO: common: created directory at artifacts/data_validation]
[2024-11-02 23:19:54,583: INFO: common: json file loaded sucessfully from: C:\ML_Projects\MLflow_Implementation\MLFlow-End-to-End-implementation\config\config.yaml]
[2024-11-02 23:19:54,586: INFO: common: json file loaded sucessfully from: C:\ML_Projects\MLflow_Implementation\MLFlow-End-to-End-implementation\params.yaml]
[2024-11-02 23:19:54,587: INFO: common: json file loaded sucessfully from: C:\ML_Projects\MLflow_Implementation\MLFlow-End-to-End-implementation\schema.yaml]
[2024-11-02 23:19:54,588: INFO: common: created directory at artifacts]
[2024-11-02 23:19:54,589: INFO: common: created directory at artifacts/data_validation]
[2024-11-15 09:05:51,052: INFO: 2769171209: Data has been loaded]
[2024-11-15 09:05:51,056: INFO: 2769171209: (8523, 12)]
[2024-11-15 09:05:51,103: INFO: 2769171209: ['FD' 'DR' 'NC']]
[2024-11-15 09:05:51,112: INFO: 2769171209: ['lf' 'reg']]
[2024-11-15 09:07:05,439: INFO: 2026687041: Data has been loaded]
[2024-11-15 09:07:05,441: INFO: 2026687041: (8523, 12)]
[2024-11-15 09:07:05,456: INFO: 2026687041: ['FD' 'DR' 'NC']]
[2024-11-15 09:07:05,460: INFO: 2026687041: ['lf' 'reg']]
[2024-11-15 09:07:05,509: INFO: 2026687041: (8523, 12)]
[2024-11-15 09:12:52,390: INFO: common: json file loaded sucessfully from: C:\ML_Projects\MLflow_Implementation\MLFlow-End-to-End-implementation\config\config.yaml]
[2024-11-15 09:12:52,408: INFO: common: json file loaded sucessfully from: C:\ML_Projects\MLflow_Implementation\MLFlow-End-to-End-implementation\params.yaml]
[2024-11-15 09:12:52,439: INFO: common: json file loaded sucessfully from: C:\ML_Projects\MLflow_Implementation\MLFlow-End-to-End-implementation\schema.yaml]
[2024-11-15 09:12:52,443: INFO: common: created directory at artifacts]
[2024-11-15 09:12:52,448: INFO: common: created directory at artifacts/data_transformation]
[2024-11-15 09:12:52,491: INFO: 2026687041: Data has been loaded]
[2024-11-15 09:12:52,493: INFO: 2026687041: (8523, 12)]
[2024-11-15 09:12:52,506: INFO: 2026687041: ['FD' 'DR' 'NC']]
[2024-11-15 09:12:52,509: INFO: 2026687041: ['lf' 'reg']]
[2024-11-15 09:12:52,538: INFO: 2026687041: (8523, 12)]
[2024-11-15 09:12:52,818: INFO: 2026687041: Splited data into training and test sets]
[2024-11-15 09:12:52,820: INFO: 2026687041: (6392, 12)]
[2024-11-15 09:12:52,821: INFO: 2026687041: (2131, 12)]
[2024-11-17 11:30:49,963: INFO: common: json file loaded sucessfully from: C:\ML_Projects\MLflow_Implementation\MLFlow-End-to-End-implementation\config\config.yaml]
[2024-11-17 11:30:49,976: INFO: common: json file loaded sucessfully from: C:\ML_Projects\MLflow_Implementation\MLFlow-End-to-End-implementation\params.yaml]
[2024-11-17 11:30:49,987: INFO: common: json file loaded sucessfully from: C:\ML_Projects\MLflow_Implementation\MLFlow-End-to-End-implementation\schema.yaml]
[2024-11-17 11:30:49,989: INFO: common: created directory at artifacts]
[2024-11-17 11:30:49,991: INFO: common: created directory at artifacts/data_transformation]
[2024-11-17 11:30:50,016: INFO: 3028037171: Data has been loaded]
[2024-11-17 11:30:50,018: INFO: 3028037171: (8523, 12)]
[2024-11-17 11:30:50,027: INFO: 3028037171: ['FD' 'DR' 'NC']]
[2024-11-17 11:30:50,030: INFO: 3028037171: ['lf' 'reg']]
[2024-11-17 11:30:50,047: INFO: 3028037171: (8523, 12)]
[2024-11-17 11:31:37,594: INFO: common: json file loaded sucessfully from: C:\ML_Projects\MLflow_Implementation\MLFlow-End-to-End-implementation\config\config.yaml]
[2024-11-17 11:31:37,596: INFO: common: json file loaded sucessfully from: C:\ML_Projects\MLflow_Implementation\MLFlow-End-to-End-implementation\params.yaml]
[2024-11-17 11:31:37,598: INFO: common: json file loaded sucessfully from: C:\ML_Projects\MLflow_Implementation\MLFlow-End-to-End-implementation\schema.yaml]
[2024-11-17 11:31:37,599: INFO: common: created directory at artifacts]
[2024-11-17 11:31:37,601: INFO: common: created directory at artifacts/data_transformation]
[2024-11-17 11:31:37,617: INFO: 4261484943: Data has been loaded]
[2024-11-17 11:31:37,618: INFO: 4261484943: (8523, 12)]
[2024-11-17 11:31:37,624: INFO: 4261484943: ['FD' 'DR' 'NC']]
[2024-11-17 11:31:37,626: INFO: 4261484943: ['lf' 'reg']]
[2024-11-17 11:31:37,636: INFO: 4261484943: (8523, 12)]
[2024-11-17 11:31:37,689: INFO: 4261484943: Splited data into training and test sets]
[2024-11-17 11:31:37,690: INFO: 4261484943: (6392, 12)]
[2024-11-17 11:31:37,690: INFO: 4261484943: (2131, 12)]
[2024-11-17 11:33:06,008: INFO: common: json file loaded sucessfully from: C:\ML_Projects\MLflow_Implementation\MLFlow-End-to-End-implementation\config\config.yaml]
[2024-11-17 11:33:06,011: INFO: common: json file loaded sucessfully from: C:\ML_Projects\MLflow_Implementation\MLFlow-End-to-End-implementation\params.yaml]
[2024-11-17 11:33:06,013: INFO: common: json file loaded sucessfully from: C:\ML_Projects\MLflow_Implementation\MLFlow-End-to-End-implementation\schema.yaml]
[2024-11-17 11:33:06,014: INFO: common: created directory at artifacts]
[2024-11-17 11:33:06,015: INFO: common: created directory at artifacts/data_transformation]
[2024-11-17 11:33:06,031: INFO: 2124026679: Data has been loaded]
[2024-11-17 11:33:06,032: INFO: 2124026679: (8523, 12)]
[2024-11-17 11:33:06,040: INFO: 2124026679: ['FD' 'DR' 'NC']]
[2024-11-17 11:33:06,042: INFO: 2124026679: ['lf' 'reg']]
[2024-11-17 11:33:06,051: INFO: 2124026679: (8523, 12)]
[2024-11-17 11:33:06,105: INFO: 2124026679: Splited data into training and test sets]
[2024-11-17 11:33:06,105: INFO: 2124026679: (7244, 12)]
[2024-11-17 11:33:06,106: INFO: 2124026679: (1279, 12)]
[2024-11-17 11:33:29,549: INFO: common: json file loaded sucessfully from: C:\ML_Projects\MLflow_Implementation\MLFlow-End-to-End-implementation\config\config.yaml]
[2024-11-17 11:33:29,551: INFO: common: json file loaded sucessfully from: C:\ML_Projects\MLflow_Implementation\MLFlow-End-to-End-implementation\params.yaml]
[2024-11-17 11:33:29,553: INFO: common: json file loaded sucessfully from: C:\ML_Projects\MLflow_Implementation\MLFlow-End-to-End-implementation\schema.yaml]
[2024-11-17 11:33:29,555: INFO: common: created directory at artifacts]
[2024-11-17 11:33:29,556: INFO: common: created directory at artifacts/data_transformation]
[2024-11-17 11:33:29,576: INFO: 3009279995: Data has been loaded]
[2024-11-17 11:33:29,578: INFO: 3009279995: (8523, 12)]
[2024-11-17 11:33:29,586: INFO: 3009279995: ['FD' 'DR' 'NC']]
[2024-11-17 11:33:29,588: INFO: 3009279995: ['lf' 'reg']]
[2024-11-17 11:33:29,603: INFO: 3009279995: (8523, 12)]
[2024-11-17 11:33:29,690: INFO: 3009279995: Splited data into training and test sets]
[2024-11-17 11:33:29,692: INFO: 3009279995: (7670, 12)]
[2024-11-17 11:33:29,694: INFO: 3009279995: (853, 12)]
[2024-11-17 12:03:35,681: INFO: common: json file loaded sucessfully from: C:\ML_Projects\MLflow_Implementation\MLFlow-End-to-End-implementation\config\config.yaml]
[2024-11-17 12:03:35,691: INFO: common: json file loaded sucessfully from: C:\ML_Projects\MLflow_Implementation\MLFlow-End-to-End-implementation\params.yaml]
[2024-11-17 12:03:35,695: INFO: common: json file loaded sucessfully from: C:\ML_Projects\MLflow_Implementation\MLFlow-End-to-End-implementation\schema.yaml]
[2024-11-17 12:03:35,697: INFO: common: created directory at artifacts]
[2024-11-17 12:03:35,699: INFO: common: created directory at artifacts/data_transformation]
[2024-11-17 12:03:35,799: INFO: 3009279995: Data has been loaded]
[2024-11-17 12:03:35,801: INFO: 3009279995: (8523, 12)]
[2024-11-17 12:03:35,821: INFO: 3009279995: ['FD' 'DR' 'NC']]
[2024-11-17 12:03:35,824: INFO: 3009279995: ['lf' 'reg']]
[2024-11-17 12:03:35,857: INFO: 3009279995: (8523, 12)]
[2024-11-17 12:03:35,944: INFO: 3009279995: Splited data into training and test sets]
[2024-11-17 12:03:35,945: INFO: 3009279995: (7670, 12)]
[2024-11-17 12:03:35,945: INFO: 3009279995: (853, 12)]
[2024-11-17 12:11:49,771: INFO: common: json file loaded sucessfully from: C:\ML_Projects\MLflow_Implementation\MLFlow-End-to-End-implementation\config\config.yaml]
[2024-11-17 12:11:49,774: INFO: common: json file loaded sucessfully from: C:\ML_Projects\MLflow_Implementation\MLFlow-End-to-End-implementation\params.yaml]
[2024-11-17 12:11:49,784: INFO: common: json file loaded sucessfully from: C:\ML_Projects\MLflow_Implementation\MLFlow-End-to-End-implementation\schema.yaml]
[2024-11-17 12:11:49,787: INFO: common: created directory at artifacts]
[2024-11-17 12:11:49,788: INFO: common: created directory at artifacts/data_transformation]
[2024-11-17 12:11:49,806: INFO: 3009279995: Data has been loaded]
[2024-11-17 12:11:49,807: INFO: 3009279995: (8523, 12)]
[2024-11-17 12:11:49,815: INFO: 3009279995: ['FD' 'DR' 'NC']]
[2024-11-17 12:11:49,817: INFO: 3009279995: ['lf' 'reg']]
[2024-11-17 12:11:49,828: INFO: 3009279995: (8523, 12)]
[2024-11-17 12:11:49,883: INFO: 3009279995: Splited data into training and test sets]
[2024-11-17 12:11:49,884: INFO: 3009279995: (7670, 12)]
[2024-11-17 12:11:49,886: INFO: 3009279995: (853, 12)]
[2024-11-17 12:13:05,028: INFO: common: json file loaded sucessfully from: C:\ML_Projects\MLflow_Implementation\MLFlow-End-to-End-implementation\config\config.yaml]
[2024-11-17 12:13:05,030: INFO: common: json file loaded sucessfully from: C:\ML_Projects\MLflow_Implementation\MLFlow-End-to-End-implementation\params.yaml]
[2024-11-17 12:13:05,033: INFO: common: json file loaded sucessfully from: C:\ML_Projects\MLflow_Implementation\MLFlow-End-to-End-implementation\schema.yaml]
[2024-11-17 12:13:05,035: INFO: common: created directory at artifacts]
[2024-11-17 12:13:05,036: INFO: common: created directory at artifacts/data_transformation]
[2024-11-17 12:13:05,052: INFO: 1534969355: Data has been loaded]
[2024-11-17 12:13:05,053: INFO: 1534969355: (8523, 12)]
[2024-11-17 12:13:05,063: INFO: 1534969355: ['FD' 'DR' 'NC']]
[2024-11-17 12:13:05,066: INFO: 1534969355: ['lf' 'reg']]
[2024-11-17 12:13:05,085: INFO: 1534969355: (8523, 12)]
[2024-11-17 12:13:05,175: INFO: 1534969355: Splited data into training and test sets]
[2024-11-17 12:13:05,177: INFO: 1534969355: (7670, 12)]
[2024-11-17 12:13:05,179: INFO: 1534969355: (853, 12)]
[2024-11-17 12:15:49,135: INFO: common: json file loaded sucessfully from: C:\ML_Projects\MLflow_Implementation\MLFlow-End-to-End-implementation\config\config.yaml]
[2024-11-17 12:15:49,138: INFO: common: json file loaded sucessfully from: C:\ML_Projects\MLflow_Implementation\MLFlow-End-to-End-implementation\params.yaml]
[2024-11-17 12:15:49,141: INFO: common: json file loaded sucessfully from: C:\ML_Projects\MLflow_Implementation\MLFlow-End-to-End-implementation\schema.yaml]
[2024-11-17 12:15:49,143: INFO: common: created directory at artifacts]
[2024-11-17 12:15:49,145: INFO: common: created directory at artifacts/data_transformation]
[2024-11-17 12:15:49,160: INFO: 3009279995: Data has been loaded]
[2024-11-17 12:15:49,160: INFO: 3009279995: (8523, 12)]
[2024-11-17 12:15:49,167: INFO: 3009279995: ['FD' 'DR' 'NC']]
[2024-11-17 12:15:49,168: INFO: 3009279995: ['lf' 'reg']]
[2024-11-17 12:15:49,179: INFO: 3009279995: (8523, 12)]
[2024-11-17 12:15:49,233: INFO: 3009279995: Splited data into training and test sets]
[2024-11-17 12:15:49,235: INFO: 3009279995: (7670, 12)]
[2024-11-17 12:15:49,236: INFO: 3009279995: (853, 12)]
[2024-11-17 12:16:20,391: INFO: common: json file loaded sucessfully from: C:\ML_Projects\MLflow_Implementation\MLFlow-End-to-End-implementation\config\config.yaml]
[2024-11-17 12:16:20,393: INFO: common: json file loaded sucessfully from: C:\ML_Projects\MLflow_Implementation\MLFlow-End-to-End-implementation\params.yaml]
[2024-11-17 12:16:20,396: INFO: common: json file loaded sucessfully from: C:\ML_Projects\MLflow_Implementation\MLFlow-End-to-End-implementation\schema.yaml]
[2024-11-17 12:16:20,397: INFO: common: created directory at artifacts]
[2024-11-17 12:16:20,400: INFO: common: created directory at artifacts/data_transformatio]
[2024-11-17 12:16:20,416: INFO: 3009279995: Data has been loaded]
[2024-11-17 12:16:20,417: INFO: 3009279995: (8523, 12)]
[2024-11-17 12:16:20,423: INFO: 3009279995: ['FD' 'DR' 'NC']]
[2024-11-17 12:16:20,424: INFO: 3009279995: ['lf' 'reg']]
[2024-11-17 12:16:20,436: INFO: 3009279995: (8523, 12)]
[2024-11-17 12:16:20,488: INFO: 3009279995: Splited data into training and test sets]
[2024-11-17 12:16:20,489: INFO: 3009279995: (7670, 12)]
[2024-11-17 12:16:20,490: INFO: 3009279995: (853, 12)]
[2024-11-17 12:23:26,916: INFO: common: json file loaded sucessfully from: C:\ML_Projects\MLflow_Implementation\MLFlow-End-to-End-implementation\config\config.yaml]
[2024-11-17 12:23:26,919: INFO: common: json file loaded sucessfully from: C:\ML_Projects\MLflow_Implementation\MLFlow-End-to-End-implementation\params.yaml]
[2024-11-17 12:23:26,921: INFO: common: json file loaded sucessfully from: C:\ML_Projects\MLflow_Implementation\MLFlow-End-to-End-implementation\schema.yaml]
[2024-11-17 12:23:26,923: INFO: common: created directory at artifacts]
[2024-11-17 12:23:26,925: INFO: common: created directory at artifacts/data_transformation]
[2024-11-17 12:23:26,954: INFO: 3009279995: Data has been loaded]
[2024-11-17 12:23:26,956: INFO: 3009279995: (8523, 12)]
[2024-11-17 12:23:26,964: INFO: 3009279995: ['FD' 'DR' 'NC']]
[2024-11-17 12:23:26,968: INFO: 3009279995: ['lf' 'reg']]
[2024-11-17 12:23:26,984: INFO: 3009279995: (8523, 12)]
[2024-11-17 12:23:27,044: INFO: 3009279995: Splited data into training and test sets]
[2024-11-17 12:23:27,045: INFO: 3009279995: (7670, 12)]
[2024-11-17 12:23:27,047: INFO: 3009279995: (853, 12)]
[2024-11-17 12:30:05,885: INFO: common: created directory at MLFlow-End-to-End-implementation\artifacts\data_transformation]
[2024-11-17 12:31:25,826: INFO: common: created directory at C:\ML_Projects\MLflow_Implementation\MLFlow-End-to-End-implementation\artifacts\data_transformation]
[2024-11-17 13:23:58,487: INFO: common: json file loaded sucessfully from: C:\ML_Projects\MLflow_Implementation\MLFlow-End-to-End-implementation\config\config.yaml]
[2024-11-17 13:23:58,494: INFO: common: json file loaded sucessfully from: C:\ML_Projects\MLflow_Implementation\MLFlow-End-to-End-implementation\params.yaml]
[2024-11-17 13:23:58,500: INFO: common: json file loaded sucessfully from: C:\ML_Projects\MLflow_Implementation\MLFlow-End-to-End-implementation\schema.yaml]
[2024-11-17 13:23:58,504: INFO: common: created directory at artifacts]
[2024-11-17 13:23:58,507: INFO: common: created directory at artifacts\data_transformation]
[2024-11-17 13:23:58,546: INFO: 3009279995: Data has been loaded]
[2024-11-17 13:23:58,549: INFO: 3009279995: (8523, 12)]
[2024-11-17 13:23:58,569: INFO: 3009279995: ['FD' 'DR' 'NC']]
[2024-11-17 13:23:58,571: INFO: 3009279995: ['lf' 'reg']]
[2024-11-17 13:23:58,594: INFO: 3009279995: (8523, 12)]
[2024-11-17 13:23:58,741: INFO: 3009279995: Splited data into training and test sets]
[2024-11-17 13:23:58,744: INFO: 3009279995: (7670, 12)]
[2024-11-17 13:23:58,750: INFO: 3009279995: (853, 12)]
[2024-11-17 13:24:17,335: INFO: common: json file loaded sucessfully from: C:\ML_Projects\MLflow_Implementation\MLFlow-End-to-End-implementation\config\config.yaml]
[2024-11-17 13:24:17,338: INFO: common: json file loaded sucessfully from: C:\ML_Projects\MLflow_Implementation\MLFlow-End-to-End-implementation\params.yaml]
[2024-11-17 13:24:17,343: INFO: common: json file loaded sucessfully from: C:\ML_Projects\MLflow_Implementation\MLFlow-End-to-End-implementation\schema.yaml]
[2024-11-17 13:24:17,346: INFO: common: created directory at artifacts]
[2024-11-17 13:24:17,349: INFO: common: created directory at artifacts\data_transformation]
[2024-11-17 13:24:17,384: INFO: 3009279995: Data has been loaded]
[2024-11-17 13:24:17,386: INFO: 3009279995: (8523, 12)]
[2024-11-17 13:24:17,398: INFO: 3009279995: ['FD' 'DR' 'NC']]
[2024-11-17 13:24:17,402: INFO: 3009279995: ['lf' 'reg']]
[2024-11-17 13:24:17,425: INFO: 3009279995: (8523, 12)]
[2024-11-17 13:24:17,547: INFO: 3009279995: Splited data into training and test sets]
[2024-11-17 13:24:17,548: INFO: 3009279995: (7670, 12)]
[2024-11-17 13:24:17,550: INFO: 3009279995: (853, 12)]
[2024-11-17 13:45:34,271: INFO: common: json file loaded sucessfully from: C:\ML_Projects\MLflow_Implementation\MLFlow-End-to-End-implementation\config\config.yaml]
[2024-11-17 13:45:34,275: INFO: common: json file loaded sucessfully from: C:\ML_Projects\MLflow_Implementation\MLFlow-End-to-End-implementation\params.yaml]
[2024-11-17 13:45:34,279: INFO: common: json file loaded sucessfully from: C:\ML_Projects\MLflow_Implementation\MLFlow-End-to-End-implementation\schema.yaml]
[2024-11-17 13:45:34,282: INFO: common: created directory at artifacts]
[2024-11-17 13:45:34,285: INFO: common: created directory at artifacts\data_transformation]
[2024-11-17 13:45:34,327: INFO: 456653003: ['FD' 'DR' 'NC']]
[2024-11-17 13:45:34,329: INFO: 456653003: ['lf' 'reg']]
[2024-11-17 13:45:34,348: INFO: 456653003: (8523, 12)]
[2024-11-17 13:45:34,459: INFO: 456653003: Splited data into training and test sets]
[2024-11-17 13:45:34,460: INFO: 456653003: (7670, 12)]
[2024-11-17 13:45:34,462: INFO: 456653003: (853, 12)]
[2024-11-17 13:48:02,613: INFO: common: json file loaded sucessfully from: C:\ML_Projects\MLflow_Implementation\MLFlow-End-to-End-implementation\config\config.yaml]
[2024-11-17 13:48:02,617: INFO: common: json file loaded sucessfully from: C:\ML_Projects\MLflow_Implementation\MLFlow-End-to-End-implementation\params.yaml]
[2024-11-17 13:48:02,622: INFO: common: json file loaded sucessfully from: C:\ML_Projects\MLflow_Implementation\MLFlow-End-to-End-implementation\schema.yaml]
[2024-11-17 13:48:02,625: INFO: common: created directory at artifacts]
[2024-11-17 13:48:02,627: INFO: common: created directory at artifacts\data_transformation]
[2024-11-17 13:48:02,680: INFO: 456653003: ['FD' 'DR' 'NC']]
[2024-11-17 13:48:02,683: INFO: 456653003: ['lf' 'reg']]
[2024-11-17 13:48:02,709: INFO: 456653003: (8523, 12)]
[2024-11-17 13:48:02,838: INFO: 456653003: Splited data into training and test sets]
[2024-11-17 13:48:02,840: INFO: 456653003: (7670, 12)]
[2024-11-17 13:48:02,841: INFO: 456653003: (853, 12)]
[2024-11-17 16:31:01,859: INFO: common: json file loaded sucessfully from: C:\ML_Projects\MLflow_Implementation\MLFlow-End-to-End-implementation\config\config.yaml]
[2024-11-17 16:31:01,873: INFO: common: json file loaded sucessfully from: C:\ML_Projects\MLflow_Implementation\MLFlow-End-to-End-implementation\params.yaml]
[2024-11-17 16:31:01,877: INFO: common: json file loaded sucessfully from: C:\ML_Projects\MLflow_Implementation\MLFlow-End-to-End-implementation\schema.yaml]
[2024-11-17 16:31:01,880: INFO: common: created directory at artifacts]
[2024-11-17 16:31:01,882: INFO: common: created directory at artifacts\data_transformation]
[2024-11-17 16:31:01,922: INFO: 456653003: ['FD' 'DR' 'NC']]
[2024-11-17 16:31:01,923: INFO: 456653003: ['lf' 'reg']]
[2024-11-17 16:31:01,943: INFO: 456653003: (8523, 12)]
[2024-11-17 16:31:02,032: INFO: 456653003: Splited data into training and test sets]
[2024-11-17 16:31:02,034: INFO: 456653003: (7670, 12)]
[2024-11-17 16:31:02,034: INFO: 456653003: (853, 12)]
[2024-11-17 16:32:16,082: INFO: common: json file loaded sucessfully from: C:\ML_Projects\MLflow_Implementation\MLFlow-End-to-End-implementation\config\config.yaml]
[2024-11-17 16:32:16,086: INFO: common: json file loaded sucessfully from: C:\ML_Projects\MLflow_Implementation\MLFlow-End-to-End-implementation\params.yaml]
[2024-11-17 16:32:16,090: INFO: common: json file loaded sucessfully from: C:\ML_Projects\MLflow_Implementation\MLFlow-End-to-End-implementation\schema.yaml]
[2024-11-17 16:32:16,092: INFO: common: created directory at artifacts]
[2024-11-17 16:32:16,094: INFO: common: created directory at artifacts\data_transformation]
[2024-11-17 16:32:16,125: INFO: 456653003: ['FD' 'DR' 'NC']]
[2024-11-17 16:32:16,127: INFO: 456653003: ['lf' 'reg']]
[2024-11-17 16:32:16,145: INFO: 456653003: (8523, 12)]
[2024-11-17 16:32:16,202: INFO: 456653003: Splited data into training and test sets]
[2024-11-17 16:32:16,203: INFO: 456653003: (7670, 12)]
[2024-11-17 16:32:16,204: INFO: 456653003: (853, 12)]
[2024-11-17 16:32:25,400: INFO: common: json file loaded sucessfully from: C:\ML_Projects\MLflow_Implementation\MLFlow-End-to-End-implementation\config\config.yaml]
[2024-11-17 16:32:25,402: INFO: common: json file loaded sucessfully from: C:\ML_Projects\MLflow_Implementation\MLFlow-End-to-End-implementation\params.yaml]
[2024-11-17 16:32:25,404: INFO: common: json file loaded sucessfully from: C:\ML_Projects\MLflow_Implementation\MLFlow-End-to-End-implementation\schema.yaml]
[2024-11-17 16:32:25,405: INFO: common: created directory at artifacts]
[2024-11-17 16:32:25,407: INFO: common: created directory at artifacts\data_transformation]
[2024-11-17 16:32:25,440: INFO: 456653003: ['FD' 'DR' 'NC']]
[2024-11-17 16:32:25,448: INFO: 456653003: ['lf' 'reg']]
[2024-11-17 16:32:25,475: INFO: 456653003: (8523, 12)]
[2024-11-17 16:32:25,572: INFO: 456653003: Splited data into training and test sets]
[2024-11-17 16:32:25,573: INFO: 456653003: (7670, 12)]
[2024-11-17 16:32:25,574: INFO: 456653003: (853, 12)]
[2024-11-17 16:32:29,454: INFO: common: json file loaded sucessfully from: C:\ML_Projects\MLflow_Implementation\MLFlow-End-to-End-implementation\config\config.yaml]
[2024-11-17 16:32:29,457: INFO: common: json file loaded sucessfully from: C:\ML_Projects\MLflow_Implementation\MLFlow-End-to-End-implementation\params.yaml]
[2024-11-17 16:32:29,461: INFO: common: json file loaded sucessfully from: C:\ML_Projects\MLflow_Implementation\MLFlow-End-to-End-implementation\schema.yaml]
[2024-11-17 16:32:29,463: INFO: common: created directory at artifacts]
[2024-11-17 16:32:29,466: INFO: common: created directory at artifacts\data_transformation]
[2024-11-17 16:32:29,493: INFO: 456653003: ['FD' 'DR' 'NC']]
[2024-11-17 16:32:29,494: INFO: 456653003: ['lf' 'reg']]
[2024-11-17 16:32:29,504: INFO: 456653003: (8523, 12)]
[2024-11-17 16:32:29,563: INFO: 456653003: Splited data into training and test sets]
[2024-11-17 16:32:29,564: INFO: 456653003: (7670, 12)]
[2024-11-17 16:32:29,565: INFO: 456653003: (853, 12)]
[2024-11-17 16:33:15,542: INFO: common: json file loaded sucessfully from: C:\ML_Projects\MLflow_Implementation\MLFlow-End-to-End-implementation\config\config.yaml]
[2024-11-17 16:33:15,546: INFO: common: json file loaded sucessfully from: C:\ML_Projects\MLflow_Implementation\MLFlow-End-to-End-implementation\params.yaml]
[2024-11-17 16:33:15,549: INFO: common: json file loaded sucessfully from: C:\ML_Projects\MLflow_Implementation\MLFlow-End-to-End-implementation\schema.yaml]
[2024-11-17 16:33:15,551: INFO: common: created directory at artifacts]
[2024-11-17 16:33:15,553: INFO: common: created directory at artifacts\data_transformation]
[2024-11-17 16:33:15,573: INFO: 456653003: ['FD' 'DR' 'NC']]
[2024-11-17 16:33:15,575: INFO: 456653003: ['lf' 'reg']]
[2024-11-17 16:33:15,587: INFO: 456653003: (8523, 12)]
[2024-11-17 16:33:15,641: INFO: 456653003: Splited data into training and test sets]
[2024-11-17 16:33:15,642: INFO: 456653003: (7670, 12)]
[2024-11-17 16:33:15,643: INFO: 456653003: (853, 12)]
[2024-11-17 16:34:03,982: INFO: common: json file loaded sucessfully from: C:\ML_Projects\MLflow_Implementation\MLFlow-End-to-End-implementation\config\config.yaml]
[2024-11-17 16:34:03,985: INFO: common: json file loaded sucessfully from: C:\ML_Projects\MLflow_Implementation\MLFlow-End-to-End-implementation\params.yaml]
[2024-11-17 16:34:03,987: INFO: common: json file loaded sucessfully from: C:\ML_Projects\MLflow_Implementation\MLFlow-End-to-End-implementation\schema.yaml]
[2024-11-17 16:34:03,989: INFO: common: created directory at artifacts]
[2024-11-17 16:34:03,991: INFO: common: created directory at artifacts\data_transformation]
[2024-11-17 16:34:04,012: INFO: 111424077: ['FD' 'DR' 'NC']]
[2024-11-17 16:34:04,013: INFO: 111424077: ['lf' 'reg']]
[2024-11-17 16:34:04,026: INFO: 111424077: (8523, 12)]
[2024-11-17 16:34:04,088: INFO: 111424077: Splited data into training and test sets]
[2024-11-17 16:34:04,089: INFO: 111424077: (6818, 12)]
[2024-11-17 16:34:04,090: INFO: 111424077: (1705, 12)]
[2024-11-17 16:34:20,872: INFO: common: json file loaded sucessfully from: C:\ML_Projects\MLflow_Implementation\MLFlow-End-to-End-implementation\config\config.yaml]
[2024-11-17 16:34:20,875: INFO: common: json file loaded sucessfully from: C:\ML_Projects\MLflow_Implementation\MLFlow-End-to-End-implementation\params.yaml]
[2024-11-17 16:34:20,876: INFO: common: json file loaded sucessfully from: C:\ML_Projects\MLflow_Implementation\MLFlow-End-to-End-implementation\schema.yaml]
[2024-11-17 16:34:20,878: INFO: common: created directory at artifacts]
[2024-11-17 16:34:20,880: INFO: common: created directory at artifacts\data_transformation]
[2024-11-17 16:34:20,902: INFO: 1744915240: ['FD' 'DR' 'NC']]
[2024-11-17 16:34:20,903: INFO: 1744915240: ['lf' 'reg']]
[2024-11-17 16:34:20,915: INFO: 1744915240: (8523, 12)]
[2024-11-17 16:34:20,970: INFO: 1744915240: Splited data into training and test sets]
[2024-11-17 16:34:20,971: INFO: 1744915240: (6392, 12)]
[2024-11-17 16:34:20,972: INFO: 1744915240: (2131, 12)]
[2024-11-17 16:34:42,268: INFO: common: json file loaded sucessfully from: C:\ML_Projects\MLflow_Implementation\MLFlow-End-to-End-implementation\config\config.yaml]
[2024-11-17 16:34:42,271: INFO: common: json file loaded sucessfully from: C:\ML_Projects\MLflow_Implementation\MLFlow-End-to-End-implementation\params.yaml]
[2024-11-17 16:34:42,274: INFO: common: json file loaded sucessfully from: C:\ML_Projects\MLflow_Implementation\MLFlow-End-to-End-implementation\schema.yaml]
[2024-11-17 16:34:42,276: INFO: common: created directory at artifacts]
[2024-11-17 16:34:42,278: INFO: common: created directory at artifacts\data_transformation]
[2024-11-17 16:34:42,301: INFO: 111424077: ['FD' 'DR' 'NC']]
[2024-11-17 16:34:42,302: INFO: 111424077: ['lf' 'reg']]
[2024-11-17 16:34:42,314: INFO: 111424077: (8523, 12)]
[2024-11-17 16:34:42,370: INFO: 111424077: Splited data into training and test sets]
[2024-11-17 16:34:42,371: INFO: 111424077: (6818, 12)]
[2024-11-17 16:34:42,372: INFO: 111424077: (1705, 12)]
[2024-11-17 16:36:11,168: INFO: common: json file loaded sucessfully from: C:\ML_Projects\MLflow_Implementation\MLFlow-End-to-End-implementation\config\config.yaml]
[2024-11-17 16:36:11,170: INFO: common: json file loaded sucessfully from: C:\ML_Projects\MLflow_Implementation\MLFlow-End-to-End-implementation\params.yaml]
[2024-11-17 16:36:11,173: INFO: common: json file loaded sucessfully from: C:\ML_Projects\MLflow_Implementation\MLFlow-End-to-End-implementation\schema.yaml]
[2024-11-17 16:36:11,175: INFO: common: created directory at artifacts]
[2024-11-17 16:36:11,176: INFO: common: created directory at artifacts\data_transformation]
[2024-11-17 16:36:11,197: INFO: 111424077: ['FD' 'DR' 'NC']]
[2024-11-17 16:36:11,199: INFO: 111424077: ['lf' 'reg']]
[2024-11-17 16:36:11,212: INFO: 111424077: (8523, 12)]
[2024-11-17 16:36:11,273: INFO: 111424077: Splited data into training and test sets]
[2024-11-17 16:36:11,275: INFO: 111424077: (6818, 12)]
[2024-11-17 16:36:11,275: INFO: 111424077: (1705, 12)]
[2024-11-17 16:36:28,448: INFO: common: json file loaded sucessfully from: C:\ML_Projects\MLflow_Implementation\MLFlow-End-to-End-implementation\config\config.yaml]
[2024-11-17 16:36:28,449: INFO: common: json file loaded sucessfully from: C:\ML_Projects\MLflow_Implementation\MLFlow-End-to-End-implementation\params.yaml]
[2024-11-17 16:36:28,452: INFO: common: json file loaded sucessfully from: C:\ML_Projects\MLflow_Implementation\MLFlow-End-to-End-implementation\schema.yaml]
[2024-11-17 16:36:28,453: INFO: common: created directory at artifacts]
[2024-11-17 16:36:28,456: INFO: common: created directory at artifacts\data_transformation]
[2024-11-17 16:36:28,476: INFO: 111424077: ['FD' 'DR' 'NC']]
[2024-11-17 16:36:28,478: INFO: 111424077: ['lf' 'reg']]
[2024-11-17 16:36:28,489: INFO: 111424077: (8523, 12)]
[2024-11-17 16:36:28,549: INFO: 111424077: Splited data into training and test sets]
[2024-11-17 16:36:28,550: INFO: 111424077: (6818, 12)]
[2024-11-17 16:36:28,550: INFO: 111424077: (1705, 12)]
